[2020-05-18 15:07:41.429866] NOTICE: Startup: Logging initialized, level: 9, mode: file mode: scrabble.log
[2020-05-18 15:07:41.442017] TRACE: Scrabble Helper: Generating possible permutations for draw ['A', 'B', 'D', 'E', 'F', 'G', 'K']...
[2020-05-18 15:07:41.442017] TRACE: Scrabble Helper: 13699 possible permutations.
[2020-05-18 15:07:41.442017] TRACE: Scrabble Helper: Getting possible dictionary words from permutations...
[2020-05-18 15:07:41.442017] TRACE: Scrabble Helper: Matched 70 dictionary words.
[2020-05-18 15:07:41.442017] TRACE: Scrabble Helper: Calculating max value word for draw ['A', 'B', 'D', 'E', 'F', 'G', 'K']
[2020-05-18 15:10:12.310710] NOTICE: Startup: Logging initialized, level: 9, mode: file mode: scrabble.log
[2020-05-18 15:10:12.320983] TRACE: Scrabble Helper: Generating possible permutations for draw ['D', 'J', 'O', 'Q', 'M', 'U', 'L']...
[2020-05-18 15:10:12.330724] TRACE: Scrabble Helper: 13699 possible permutations.
[2020-05-18 15:10:12.330796] TRACE: Scrabble Helper: Getting possible dictionary words from permutations...
[2020-05-18 15:10:12.330796] TRACE: Scrabble Helper: Matched 45 dictionary words.
[2020-05-18 15:10:12.330796] TRACE: Scrabble Helper: Calculating max value word for draw ['D', 'J', 'O', 'Q', 'M', 'U', 'L']
[2020-05-18 15:11:40.284909] NOTICE: Startup: Logging initialized, level: 9, mode: file mode: scrabble.log
[2020-05-18 15:11:40.305313] TRACE: Scrabble Helper: Generating possible permutations for draw ['D', 'J', 'O', 'Q', 'M', 'U', 'L']...
[2020-05-18 15:11:40.305313] TRACE: Scrabble Helper: 13699 possible permutations.
[2020-05-18 15:11:40.305313] TRACE: Scrabble Helper: Getting possible dictionary words from permutations...
[2020-05-18 15:11:40.305313] TRACE: Scrabble Helper: Matched 45 dictionary words.
[2020-05-18 15:11:40.305313] TRACE: Scrabble Helper: Calculating max value word for draw ['D', 'J', 'O', 'Q', 'M', 'U', 'L']
[2020-05-18 15:12:03.664193] NOTICE: Startup: Logging initialized, level: 9, mode: file mode: scrabble.log
[2020-05-18 15:12:03.684426] TRACE: Scrabble Helper: Generating possible permutations for draw ['D', 'J', 'O', 'Q', 'M', 'U', 'L']...
[2020-05-18 15:12:03.684426] TRACE: Scrabble Helper: 13699 possible permutations.
[2020-05-18 15:12:03.684426] TRACE: Scrabble Helper: Getting possible dictionary words from permutations...
[2020-05-18 15:12:03.684426] TRACE: Scrabble Helper: Matched 45 dictionary words.
[2020-05-18 15:12:03.684426] TRACE: Scrabble Helper: Calculating max value word for draw ['D', 'J', 'O', 'Q', 'M', 'U', 'L']
[2020-05-18 15:12:03.684426] TRACE: Scrabble Helper: The highest scoring word for draw ['D', 'J', 'O', 'Q', 'M', 'U', 'L'] is quod worth 14 points
[2020-05-18 15:24:51.281034] NOTICE: Startup: Logging initialized, level: 9, mode: file mode: scrabble.log
[2020-05-18 15:24:51.281034] WARNING: Scrabble Helper: Need to specify at least one letter.
[2020-05-18 15:25:54.309270] NOTICE: Startup: Logging initialized, level: 9, mode: file mode: scrabble.log
[2020-05-18 15:25:54.309270] WARNING: Scrabble Helper: list index out of range
[2020-05-18 15:26:16.922212] NOTICE: Startup: Logging initialized, level: 9, mode: file mode: scrabble.log
[2020-05-18 15:26:16.922212] WARNING: Scrabble Helper: list index out of range
[2020-05-18 15:26:49.501511] NOTICE: Startup: Logging initialized, level: 9, mode: file mode: scrabble.log
[2020-05-18 15:26:49.501511] WARNING: Scrabble Helper: Need to specify at least one letter
