[2020-05-20 18:23:32.173591] NOTICE: Startup: Logging initialized, level: 9, mode: file mode: scrabble.log
[2020-05-20 18:23:32.173591] TRACE: Scrabble Helper: Generating possible permutations for draw ['A', 'B', 'D', 'E', 'F', 'G', 'T']...
[2020-05-20 18:23:32.189218] TRACE: Scrabble Helper: 13699 possible permutations.
[2020-05-20 18:23:32.189218] TRACE: Scrabble Helper: Getting possible dictionary words from permutations...
[2020-05-20 18:23:32.189218] TRACE: Scrabble Helper: Matched 103 dictionary words.
[2020-05-20 18:23:32.189218] TRACE: Scrabble Helper: Calculating max value word for draw ['A', 'B', 'D', 'E', 'F', 'G', 'T']
[2020-05-20 18:24:02.027009] NOTICE: Startup: Logging initialized, level: 9, mode: file mode: scrabble.log
[2020-05-20 18:24:02.027009] TRACE: Scrabble Helper: Generating possible permutations for draw ['A', 'B', 'D', 'E', 'F', 'G', 'T']...
[2020-05-20 18:24:02.049141] TRACE: Scrabble Helper: 13699 possible permutations.
[2020-05-20 18:24:02.049141] TRACE: Scrabble Helper: Getting possible dictionary words from permutations...
[2020-05-20 18:24:02.049141] TRACE: Scrabble Helper: Matched 103 dictionary words.
[2020-05-20 18:24:02.049141] TRACE: Scrabble Helper: Calculating max value word for draw ['A', 'B', 'D', 'E', 'F', 'G', 'T']
[2020-05-20 18:24:44.396975] NOTICE: Startup: Logging initialized, level: 9, mode: file mode: scrabble.log
[2020-05-20 18:24:44.396975] WARNING: Scrabble Helper: Need to specify at least one letter
[2020-05-20 18:24:50.579196] NOTICE: Startup: Logging initialized, level: 9, mode: file mode: scrabble.log
[2020-05-20 18:24:50.579196] TRACE: Scrabble Helper: Generating possible permutations for draw ['A', 'B', 'D', 'E', 'F', 'G', 'T']...
[2020-05-20 18:24:50.594851] TRACE: Scrabble Helper: 13699 possible permutations.
[2020-05-20 18:24:50.594851] TRACE: Scrabble Helper: Getting possible dictionary words from permutations...
[2020-05-20 18:24:50.610479] TRACE: Scrabble Helper: Matched 103 dictionary words.
[2020-05-20 18:24:50.610479] TRACE: Scrabble Helper: Calculating max value word for draw ['A', 'B', 'D', 'E', 'F', 'G', 'T']
[2020-05-20 18:25:11.821479] NOTICE: Startup: Logging initialized, level: 9, mode: file mode: scrabble.log
[2020-05-20 18:25:11.821479] TRACE: Scrabble Helper: Generating possible permutations for draw ['A', 'B', 'D', 'E', 'F', 'G', 'T']...
[2020-05-20 18:25:11.837106] TRACE: Scrabble Helper: 13699 possible permutations.
[2020-05-20 18:25:11.837106] TRACE: Scrabble Helper: Getting possible dictionary words from permutations...
[2020-05-20 18:25:11.837106] TRACE: Scrabble Helper: Matched 103 dictionary words.
[2020-05-20 18:25:11.837106] TRACE: Scrabble Helper: Calculating max value word for draw ['A', 'B', 'D', 'E', 'F', 'G', 'T']
[2020-05-20 18:25:44.140369] NOTICE: Startup: Logging initialized, level: 9, mode: file mode: scrabble.log
[2020-05-20 18:25:44.140369] TRACE: Scrabble Helper: Generating possible permutations for draw ['A', 'B', 'D', 'E', 'F', 'G', 'T']...
[2020-05-20 18:25:44.171621] TRACE: Scrabble Helper: 13699 possible permutations.
[2020-05-20 18:25:44.171621] TRACE: Scrabble Helper: Getting possible dictionary words from permutations...
[2020-05-20 18:25:44.171621] TRACE: Scrabble Helper: Matched 103 dictionary words.
[2020-05-20 18:25:44.171621] TRACE: Scrabble Helper: Calculating max value word for draw ['A', 'B', 'D', 'E', 'F', 'G', 'T']
[2020-05-20 18:25:44.234101] TRACE: Scrabble Helper: The highest scoring word for draw ['A', 'B', 'D', 'E', 'F', 'G', 'T'] is  worth 0 points
[2020-05-20 18:26:09.647197] NOTICE: Startup: Logging initialized, level: 9, mode: file mode: scrabble.log
[2020-05-20 18:26:09.647197] TRACE: Scrabble Helper: Generating possible permutations for draw ['A', 'B', 'D', 'E', 'F', 'G', 'T']...
[2020-05-20 18:26:09.662825] TRACE: Scrabble Helper: 13699 possible permutations.
[2020-05-20 18:26:09.662825] TRACE: Scrabble Helper: Getting possible dictionary words from permutations...
[2020-05-20 18:26:09.662825] TRACE: Scrabble Helper: Matched 103 dictionary words.
[2020-05-20 18:26:09.662825] TRACE: Scrabble Helper: Calculating max value word for draw ['A', 'B', 'D', 'E', 'F', 'G', 'T']
[2020-05-20 18:26:09.662825] TRACE: Scrabble Helper: The highest scoring word for draw ['A', 'B', 'D', 'E', 'F', 'G', 'T'] is  worth 0 points
[2020-05-20 18:28:35.230836] NOTICE: Startup: Logging initialized, level: 9, mode: file mode: scrabble.log
[2020-05-20 18:28:35.230836] TRACE: Scrabble Helper: Generating possible permutations for draw ['A', 'B', 'D', 'E', 'F', 'G', 'T']...
[2020-05-20 18:28:35.246484] TRACE: Scrabble Helper: 13699 possible permutations.
[2020-05-20 18:28:35.246484] TRACE: Scrabble Helper: Getting possible dictionary words from permutations...
[2020-05-20 18:28:35.246484] TRACE: Scrabble Helper: Matched 103 dictionary words.
[2020-05-20 18:28:35.246484] TRACE: Scrabble Helper: Calculating max value word for draw ['A', 'B', 'D', 'E', 'F', 'G', 'T']
[2020-05-20 18:28:35.262110] WARNING: Scrabble Helper: Need to specify at least one letter
[2020-05-20 18:29:23.458571] NOTICE: Startup: Logging initialized, level: 9, mode: file mode: scrabble.log
[2020-05-20 18:29:23.458571] TRACE: Scrabble Helper: Generating possible permutations for draw ['A', 'B', 'D', 'E', 'F', 'G', 'T']...
[2020-05-20 18:29:23.489785] TRACE: Scrabble Helper: 13699 possible permutations.
[2020-05-20 18:29:23.489785] TRACE: Scrabble Helper: Getting possible dictionary words from permutations...
[2020-05-20 18:29:23.489785] TRACE: Scrabble Helper: Matched 103 dictionary words.
[2020-05-20 18:29:23.489785] TRACE: Scrabble Helper: Calculating max value word for draw ['A', 'B', 'D', 'E', 'F', 'G', 'T']
[2020-05-20 18:29:23.489785] WARNING: Scrabble Helper: Need to specify at least one letter
[2020-05-20 18:29:36.060742] NOTICE: Startup: Logging initialized, level: 9, mode: file mode: scrabble.log
[2020-05-20 18:29:36.060742] TRACE: Scrabble Helper: Generating possible permutations for draw ['A', 'B', 'D', 'E', 'F', 'G', 'T']...
[2020-05-20 18:29:36.091947] TRACE: Scrabble Helper: 13699 possible permutations.
[2020-05-20 18:29:36.091947] TRACE: Scrabble Helper: Getting possible dictionary words from permutations...
[2020-05-20 18:29:36.091947] TRACE: Scrabble Helper: Matched 103 dictionary words.
[2020-05-20 18:29:36.091947] TRACE: Scrabble Helper: Calculating max value word for draw ['A', 'B', 'D', 'E', 'F', 'G', 'T']
[2020-05-20 18:29:36.091947] WARNING: Scrabble Helper: Need to specify at least one letter
[2020-05-20 18:29:57.502033] NOTICE: Startup: Logging initialized, level: 9, mode: file mode: scrabble.log
[2020-05-20 18:29:57.502033] TRACE: Scrabble Helper: Generating possible permutations for draw ['A', 'B', 'D', 'E', 'F', 'G', 'T']...
[2020-05-20 18:29:57.524200] TRACE: Scrabble Helper: 13699 possible permutations.
[2020-05-20 18:29:57.524200] TRACE: Scrabble Helper: Getting possible dictionary words from permutations...
[2020-05-20 18:29:57.524200] TRACE: Scrabble Helper: Matched 103 dictionary words.
[2020-05-20 18:29:57.524200] TRACE: Scrabble Helper: Calculating max value word for draw ['A', 'B', 'D', 'E', 'F', 'G', 'T']
[2020-05-20 18:29:57.524200] WARNING: Scrabble Helper: Need to specify at least one letter
[2020-05-20 18:30:47.899377] NOTICE: Startup: Logging initialized, level: 9, mode: file mode: scrabble.log
[2020-05-20 18:30:47.899377] TRACE: Scrabble Helper: Generating possible permutations for draw ['A', 'B', 'D', 'E', 'F', 'G', 'T']...
[2020-05-20 18:30:47.915027] TRACE: Scrabble Helper: 13699 possible permutations.
[2020-05-20 18:30:47.915027] TRACE: Scrabble Helper: Getting possible dictionary words from permutations...
[2020-05-20 18:30:47.915027] TRACE: Scrabble Helper: Matched 103 dictionary words.
[2020-05-20 18:30:47.915027] TRACE: Scrabble Helper: Calculating max value word for draw ['A', 'B', 'D', 'E', 'F', 'G', 'T']
[2020-05-20 18:30:47.915027] WARNING: Scrabble Helper: Need to specify at least one letter
[2020-05-20 18:31:10.469716] NOTICE: Startup: Logging initialized, level: 9, mode: file mode: scrabble.log
[2020-05-20 18:31:10.469716] TRACE: Scrabble Helper: Generating possible permutations for draw ['A', 'B', 'D', 'E', 'F', 'G', 'T']...
[2020-05-20 18:31:10.491850] TRACE: Scrabble Helper: 13699 possible permutations.
[2020-05-20 18:31:10.491850] TRACE: Scrabble Helper: Getting possible dictionary words from permutations...
[2020-05-20 18:31:10.491850] TRACE: Scrabble Helper: Matched 103 dictionary words.
[2020-05-20 18:31:10.491850] TRACE: Scrabble Helper: Calculating max value word for draw ['A', 'B', 'D', 'E', 'F', 'G', 'T']
[2020-05-20 18:31:52.962758] NOTICE: Startup: Logging initialized, level: 9, mode: file mode: scrabble.log
[2020-05-20 18:31:52.962758] TRACE: Scrabble Helper: Generating possible permutations for draw ['A', 'B', 'D', 'E', 'F', 'G', 'T']...
[2020-05-20 18:31:52.978386] TRACE: Scrabble Helper: 13699 possible permutations.
[2020-05-20 18:31:52.978386] TRACE: Scrabble Helper: Getting possible dictionary words from permutations...
[2020-05-20 18:31:52.978386] TRACE: Scrabble Helper: Matched 103 dictionary words.
[2020-05-20 18:31:52.978386] TRACE: Scrabble Helper: Calculating max value word for draw ['A', 'B', 'D', 'E', 'F', 'G', 'T']
[2020-05-20 18:33:49.508021] NOTICE: Startup: Logging initialized, level: 9, mode: file mode: scrabble.log
[2020-05-20 18:33:49.508021] TRACE: Scrabble Helper: Generating possible permutations for draw ['A', 'B', 'D', 'E', 'F', 'G', 'T']...
[2020-05-20 18:33:49.523654] TRACE: Scrabble Helper: 13699 possible permutations.
[2020-05-20 18:33:49.523654] TRACE: Scrabble Helper: Getting possible dictionary words from permutations...
[2020-05-20 18:33:49.523654] TRACE: Scrabble Helper: Matched 103 dictionary words.
[2020-05-20 18:33:49.523654] TRACE: Scrabble Helper: Calculating max value word for draw ['A', 'B', 'D', 'E', 'F', 'G', 'T']
[2020-05-20 18:35:38.137521] NOTICE: Startup: Logging initialized, level: 9, mode: file mode: scrabble.log
[2020-05-20 18:35:38.137521] TRACE: Scrabble Helper: Generating possible permutations for draw ['A', 'B', 'D', 'E', 'F', 'G', 'T']...
[2020-05-20 18:35:38.153136] TRACE: Scrabble Helper: 13699 possible permutations.
[2020-05-20 18:35:38.153136] TRACE: Scrabble Helper: Getting possible dictionary words from permutations...
[2020-05-20 18:35:38.153136] TRACE: Scrabble Helper: Matched 103 dictionary words.
[2020-05-20 18:35:38.153136] TRACE: Scrabble Helper: Calculating max value word for draw ['A', 'B', 'D', 'E', 'F', 'G', 'T']
[2020-05-20 18:38:33.582286] NOTICE: Startup: Logging initialized, level: 9, mode: file mode: scrabble.log
[2020-05-20 18:38:33.582286] TRACE: Scrabble Helper: Generating possible permutations for draw ['A', 'B', 'D', 'E', 'F', 'G', 'T']...
[2020-05-20 18:38:33.597910] TRACE: Scrabble Helper: 13699 possible permutations.
[2020-05-20 18:38:33.597910] TRACE: Scrabble Helper: Getting possible dictionary words from permutations...
[2020-05-20 18:38:33.613529] TRACE: Scrabble Helper: Matched 103 dictionary words.
[2020-05-20 18:38:33.613529] TRACE: Scrabble Helper: Calculating max value word for draw ['A', 'B', 'D', 'E', 'F', 'G', 'T']
[2020-05-20 18:39:32.086324] NOTICE: Startup: Logging initialized, level: 9, mode: file mode: scrabble.log
[2020-05-20 18:39:32.086324] TRACE: Scrabble Helper: Generating possible permutations for draw ['A', 'B', 'D', 'E', 'F', 'G', 'T']...
[2020-05-20 18:39:32.101948] TRACE: Scrabble Helper: 13699 possible permutations.
[2020-05-20 18:39:32.101948] TRACE: Scrabble Helper: Getting possible dictionary words from permutations...
[2020-05-20 18:39:32.117568] TRACE: Scrabble Helper: Matched 103 dictionary words.
[2020-05-20 18:39:32.117568] TRACE: Scrabble Helper: Calculating max value word for draw ['A', 'B', 'D', 'E', 'F', 'G', 'T']
[2020-05-20 18:39:32.117568] TRACE: Scrabble Helper: The highest scoring word for draw ['A', 'B', 'D', 'E', 'F', 'G', 'T'] is fadge worth fadge points
[2020-05-20 18:39:32.117568] TRACE: Scrabble Helper: Generating possible permutations for draw ['A', 'B', 'D', 'E', 'F', 'G', 'T']...
[2020-05-20 18:39:32.117568] TRACE: Scrabble Helper: 13699 possible permutations.
[2020-05-20 18:39:32.117568] TRACE: Scrabble Helper: Getting possible dictionary words from permutations...
[2020-05-20 18:39:32.117568] TRACE: Scrabble Helper: Matched 103 dictionary words.
[2020-05-20 18:39:32.117568] TRACE: Scrabble Helper: Calculating max value word for draw ['A', 'B', 'D', 'E', 'F', 'G', 'T']
[2020-05-20 18:39:32.117568] TRACE: Scrabble Helper: The highest scoring word for draw ['A', 'B', 'D', 'E', 'F', 'G', 'T'] is fadge worth fadge points
[2020-05-20 18:39:54.462377] NOTICE: Startup: Logging initialized, level: 9, mode: file mode: scrabble.log
[2020-05-20 18:39:54.462377] TRACE: Scrabble Helper: Generating possible permutations for draw ['A', 'B', 'D', 'E', 'F', 'G', 'T']...
[2020-05-20 18:39:54.478007] TRACE: Scrabble Helper: 13699 possible permutations.
[2020-05-20 18:39:54.478007] TRACE: Scrabble Helper: Getting possible dictionary words from permutations...
[2020-05-20 18:39:54.478007] TRACE: Scrabble Helper: Matched 103 dictionary words.
[2020-05-20 18:39:54.478007] TRACE: Scrabble Helper: Calculating max value word for draw ['A', 'B', 'D', 'E', 'F', 'G', 'T']
[2020-05-20 18:39:54.478007] TRACE: Scrabble Helper: The highest scoring word for draw ['A', 'B', 'D', 'E', 'F', 'G', 'T'] is fadge worth fadge points
[2020-05-20 18:39:54.478007] TRACE: Scrabble Helper: Generating possible permutations for draw ['A', 'B', 'D', 'E', 'F', 'G', 'T']...
[2020-05-20 18:39:54.478007] TRACE: Scrabble Helper: 13699 possible permutations.
[2020-05-20 18:39:54.478007] TRACE: Scrabble Helper: Getting possible dictionary words from permutations...
[2020-05-20 18:39:54.478007] TRACE: Scrabble Helper: Matched 103 dictionary words.
[2020-05-20 18:39:54.478007] TRACE: Scrabble Helper: Calculating max value word for draw ['A', 'B', 'D', 'E', 'F', 'G', 'T']
[2020-05-20 18:39:54.478007] TRACE: Scrabble Helper: The highest scoring word for draw ['A', 'B', 'D', 'E', 'F', 'G', 'T'] is fadge worth fadge points
[2020-05-20 18:40:09.512889] NOTICE: Startup: Logging initialized, level: 9, mode: file mode: scrabble.log
[2020-05-20 18:40:09.512889] TRACE: Scrabble Helper: Generating possible permutations for draw ['A', 'B', 'D', 'E', 'F', 'G', 'T']...
[2020-05-20 18:40:09.535060] TRACE: Scrabble Helper: 13699 possible permutations.
[2020-05-20 18:40:09.535060] TRACE: Scrabble Helper: Getting possible dictionary words from permutations...
[2020-05-20 18:40:09.535060] TRACE: Scrabble Helper: Matched 103 dictionary words.
[2020-05-20 18:40:09.535060] TRACE: Scrabble Helper: Calculating max value word for draw ['A', 'B', 'D', 'E', 'F', 'G', 'T']
[2020-05-20 18:40:09.535060] TRACE: Scrabble Helper: The highest scoring word for draw ['A', 'B', 'D', 'E', 'F', 'G', 'T'] is fadge worth fadge points
[2020-05-20 18:40:09.535060] TRACE: Scrabble Helper: Generating possible permutations for draw ['A', 'B', 'D', 'E', 'F', 'G', 'T']...
[2020-05-20 18:40:09.535060] TRACE: Scrabble Helper: 13699 possible permutations.
[2020-05-20 18:40:09.535060] TRACE: Scrabble Helper: Getting possible dictionary words from permutations...
[2020-05-20 18:40:09.535060] TRACE: Scrabble Helper: Matched 103 dictionary words.
[2020-05-20 18:40:09.535060] TRACE: Scrabble Helper: Calculating max value word for draw ['A', 'B', 'D', 'E', 'F', 'G', 'T']
[2020-05-20 18:40:09.535060] TRACE: Scrabble Helper: The highest scoring word for draw ['A', 'B', 'D', 'E', 'F', 'G', 'T'] is fadge worth fadge points
[2020-05-20 18:40:45.153346] NOTICE: Startup: Logging initialized, level: 9, mode: file mode: scrabble.log
[2020-05-20 18:40:45.153346] TRACE: Scrabble Helper: Generating possible permutations for draw ['A', 'B', 'D', 'E', 'F', 'G', 'T']...
[2020-05-20 18:40:45.168967] TRACE: Scrabble Helper: 13699 possible permutations.
[2020-05-20 18:40:45.168967] TRACE: Scrabble Helper: Getting possible dictionary words from permutations...
[2020-05-20 18:40:45.168967] TRACE: Scrabble Helper: Matched 103 dictionary words.
[2020-05-20 18:40:45.168967] TRACE: Scrabble Helper: Calculating max value word for draw ['A', 'B', 'D', 'E', 'F', 'G', 'T']
[2020-05-20 18:40:45.168967] TRACE: Scrabble Helper: The highest scoring word for draw ['A', 'B', 'D', 'E', 'F', 'G', 'T'] is fadge worth 10 points
[2020-05-20 18:40:45.168967] TRACE: Scrabble Helper: Generating possible permutations for draw ['A', 'B', 'D', 'E', 'F', 'G', 'T']...
[2020-05-20 18:40:45.184590] TRACE: Scrabble Helper: 13699 possible permutations.
[2020-05-20 18:40:45.184590] TRACE: Scrabble Helper: Getting possible dictionary words from permutations...
[2020-05-20 18:40:45.184590] TRACE: Scrabble Helper: Matched 103 dictionary words.
[2020-05-20 18:40:45.184590] TRACE: Scrabble Helper: Calculating max value word for draw ['A', 'B', 'D', 'E', 'F', 'G', 'T']
[2020-05-20 18:40:45.184590] TRACE: Scrabble Helper: The highest scoring word for draw ['A', 'B', 'D', 'E', 'F', 'G', 'T'] is fadge worth 10 points
[2020-05-20 18:41:11.330340] NOTICE: Startup: Logging initialized, level: 9, mode: file mode: scrabble.log
[2020-05-20 18:41:11.330340] TRACE: Scrabble Helper: Generating possible permutations for draw ['A', 'B', 'D', 'E', 'F', 'G', 'T']...
[2020-05-20 18:41:11.345967] TRACE: Scrabble Helper: 13699 possible permutations.
[2020-05-20 18:41:11.345967] TRACE: Scrabble Helper: Getting possible dictionary words from permutations...
[2020-05-20 18:41:11.345967] TRACE: Scrabble Helper: Matched 103 dictionary words.
[2020-05-20 18:41:11.345967] TRACE: Scrabble Helper: Calculating max value word for draw ['A', 'B', 'D', 'E', 'F', 'G', 'T']
[2020-05-20 18:41:11.345967] TRACE: Scrabble Helper: The highest scoring word for draw ['A', 'B', 'D', 'E', 'F', 'G', 'T'] is fadge worth 10 points
[2020-05-20 18:45:14.387702] NOTICE: Startup: Logging initialized, level: 9, mode: file mode: scrabble.log
[2020-05-20 18:45:14.387702] TRACE: Scrabble Helper: Generating possible permutations for draw ['A', 'B', 'D', 'E', 'F', 'G', 'T']...
[2020-05-20 18:45:14.387702] TRACE: Scrabble Helper: 7 possible permutations.
[2020-05-20 18:45:14.387702] TRACE: Scrabble Helper: Getting possible dictionary words from permutations...
[2020-05-20 18:45:32.615911] NOTICE: Startup: Logging initialized, level: 9, mode: file mode: scrabble.log
[2020-05-20 18:45:32.615911] TRACE: Scrabble Helper: Generating possible permutations for draw ['A', 'B', 'D', 'E', 'F', 'G', 'T']...
[2020-05-20 18:45:32.615911] TRACE: Scrabble Helper: 7 possible permutations.
[2020-05-20 18:45:32.615911] TRACE: Scrabble Helper: Getting possible dictionary words from permutations...
[2020-05-20 18:55:52.700805] NOTICE: Startup: Logging initialized, level: 9, mode: file mode: scrabble.log
[2020-05-20 18:55:52.700805] TRACE: Scrabble Helper: Generating possible permutations for draw ['A', 'B', 'D', 'E', 'F', 'G', 'T']...
